# JRE version: Java(TM) SE Runtime Environment (8.0_181-b13) (build 1.8.0_181-b13)
# Java VM: Java HotSpot(TM) 64-Bit Server VM (25.181-b13 mixed mode windows-amd64 compressed oops)
Heap:
 PSYoungGen      total 81408K, used 24693K [0x00000000d5d00000, 0x00000000dc080000, 0x0000000100000000)
  eden space 73216K, 23% used [0x00000000d5d00000,0x00000000d6d87d20,0x00000000da480000)
  from space 8192K, 94% used [0x00000000dad80000,0x00000000db5159e0,0x00000000db580000)
  to   space 11264K, 0% used [0x00000000db580000,0x00000000db580000,0x00000000dc080000)
 ParOldGen       total 69632K, used 13778K [0x0000000081600000, 0x0000000085a00000, 0x00000000d5d00000)
  object space 69632K, 19% used [0x0000000081600000,0x00000000823748e0,0x0000000085a00000)
 Metaspace       used 40133K, capacity 41682K, committed 41728K, reserved 1085440K
  class space    used 5406K, capacity 5887K, committed 5888K, reserved 1048576K
GC Heap History (10 events):
Event: 368.378 GC heap before
{Heap before GC invocations=17 (full 1):
 PSYoungGen      total 96256K, used 19217K [0x00000000d5d00000, 0x00000000dd900000, 0x0000000100000000)
  eden space 81920K, 17% used [0x00000000d5d00000,0x00000000d6b5d0d8,0x00000000dad00000)
  from space 14336K, 31% used [0x00000000dbd00000,0x00000000dc167488,0x00000000dcb00000)
  to   space 13824K, 0% used [0x00000000dcb80000,0x00000000dcb80000,0x00000000dd900000)
 ParOldGen       total 56320K, used 33727K [0x0000000081600000, 0x0000000084d00000, 0x00000000d5d00000)
  object space 56320K, 59% used [0x0000000081600000,0x00000000836eff88,0x0000000084d00000)
 Metaspace       used 34725K, capacity 35326K, committed 35456K, reserved 1079296K
  class space    used 4489K, capacity 4649K, committed 4736K, reserved 1048576K
Event: 368.381 GC heap after
Heap after GC invocations=17 (full 1):
 PSYoungGen      total 82944K, used 3371K [0x00000000d5d00000, 0x00000000dcf00000, 0x0000000100000000)
  eden space 79360K, 0% used [0x00000000d5d00000,0x00000000d5d00000,0x00000000daa80000)
  from space 3584K, 94% used [0x00000000dcb80000,0x00000000dcecac90,0x00000000dcf00000)
  to   space 13312K, 0% used [0x00000000db500000,0x00000000db500000,0x00000000dc200000)
 ParOldGen       total 56320K, used 33727K [0x0000000081600000, 0x0000000084d00000, 0x00000000d5d00000)
  object space 56320K, 59% used [0x0000000081600000,0x00000000836eff88,0x0000000084d00000)
 Metaspace       used 34725K, capacity 35326K, committed 35456K, reserved 1079296K
  class space    used 4489K, capacity 4649K, committed 4736K, reserved 1048576K
}
Event: 368.381 GC heap before
{Heap before GC invocations=18 (full 2):
 PSYoungGen      total 82944K, used 3371K [0x00000000d5d00000, 0x00000000dcf00000, 0x0000000100000000)
  eden space 79360K, 0% used [0x00000000d5d00000,0x00000000d5d00000,0x00000000daa80000)
  from space 3584K, 94% used [0x00000000dcb80000,0x00000000dcecac90,0x00000000dcf00000)
  to   space 13312K, 0% used [0x00000000db500000,0x00000000db500000,0x00000000dc200000)
 ParOldGen       total 56320K, used 33727K [0x0000000081600000, 0x0000000084d00000, 0x00000000d5d00000)
  object space 56320K, 59% used [0x0000000081600000,0x00000000836eff88,0x0000000084d00000)
 Metaspace       used 34725K, capacity 35326K, committed 35456K, reserved 1079296K
  class space    used 4489K, capacity 4649K, committed 4736K, reserved 1048576K
Event: 368.427 GC heap after
Heap after GC invocations=18 (full 2):
 PSYoungGen      total 82944K, used 0K [0x00000000d5d00000, 0x00000000dcf00000, 0x0000000100000000)
  eden space 79360K, 0% used [0x00000000d5d00000,0x00000000d5d00000,0x00000000daa80000)
  from space 3584K, 0% used [0x00000000dcb80000,0x00000000dcb80000,0x00000000dcf00000)
  to   space 13312K, 0% used [0x00000000db500000,0x00000000db500000,0x00000000dc200000)
 ParOldGen       total 69632K, used 13778K [0x0000000081600000, 0x0000000085a00000, 0x00000000d5d00000)
  object space 69632K, 19% used [0x0000000081600000,0x00000000823748e0,0x0000000085a00000)
 Metaspace       used 34725K, capacity 35326K, committed 35456K, reserved 1079296K
  class space    used 4489K, capacity 4649K, committed 4736K, reserved 1048576K
}
Event: 400.528 GC heap before
{Heap before GC invocations=19 (full 2):
 PSYoungGen      total 82944K, used 79360K [0x00000000d5d00000, 0x00000000dcf00000, 0x0000000100000000)
  eden space 79360K, 100% used [0x00000000d5d00000,0x00000000daa80000,0x00000000daa80000)
  from space 3584K, 0% used [0x00000000dcb80000,0x00000000dcb80000,0x00000000dcf00000)
  to   space 13312K, 0% used [0x00000000db500000,0x00000000db500000,0x00000000dc200000)
 ParOldGen       total 69632K, used 13778K [0x0000000081600000, 0x0000000085a00000, 0x00000000d5d00000)
  object space 69632K, 19% used [0x0000000081600000,0x00000000823748e0,0x0000000085a00000)
 Metaspace       used 36755K, capacity 37820K, committed 37888K, reserved 1081344K
  class space    used 4815K, capacity 5114K, committed 5120K, reserved 1048576K
Event: 400.533 GC heap after
Heap after GC invocations=19 (full 2):
 PSYoungGen      total 81408K, used 3946K [0x00000000d5d00000, 0x00000000dcc00000, 0x0000000100000000)
  eden space 77312K, 0% used [0x00000000d5d00000,0x00000000d5d00000,0x00000000da880000)
  from space 4096K, 96% used [0x00000000db500000,0x00000000db8daaa0,0x00000000db900000)
  to   space 12288K, 0% used [0x00000000dc000000,0x00000000dc000000,0x00000000dcc00000)
 ParOldGen       total 69632K, used 13778K [0x0000000081600000, 0x0000000085a00000, 0x00000000d5d00000)
  object space 69632K, 19% used [0x0000000081600000,0x00000000823748e0,0x0000000085a00000)
 Metaspace       used 36755K, capacity 37820K, committed 37888K, reserved 1081344K
  class space    used 4815K, capacity 5114K, committed 5120K, reserved 1048576K
}
Event: 434.974 GC heap before
{Heap before GC invocations=20 (full 2):
 PSYoungGen      total 81408K, used 81258K [0x00000000d5d00000, 0x00000000dcc00000, 0x0000000100000000)
  eden space 77312K, 100% used [0x00000000d5d00000,0x00000000da880000,0x00000000da880000)
  from space 4096K, 96% used [0x00000000db500000,0x00000000db8daaa0,0x00000000db900000)
  to   space 12288K, 0% used [0x00000000dc000000,0x00000000dc000000,0x00000000dcc00000)
 ParOldGen       total 69632K, used 13778K [0x0000000081600000, 0x0000000085a00000, 0x00000000d5d00000)
  object space 69632K, 19% used [0x0000000081600000,0x00000000823748e0,0x0000000085a00000)
 Metaspace       used 37649K, capacity 38966K, committed 39168K, reserved 1083392K
  class space    used 4985K, capacity 5359K, committed 5376K, reserved 1048576K
Event: 434.979 GC heap after
Heap after GC invocations=20 (full 2):
 PSYoungGen      total 79872K, used 4392K [0x00000000d5d00000, 0x00000000dc480000, 0x0000000100000000)
  eden space 75264K, 0% used [0x00000000d5d00000,0x00000000d5d00000,0x00000000da680000)
  from space 4608K, 95% used [0x00000000dc000000,0x00000000dc44a0f0,0x00000000dc480000)
  to   space 11776K, 0% used [0x00000000dad80000,0x00000000dad80000,0x00000000db900000)
 ParOldGen       total 69632K, used 13778K [0x0000000081600000, 0x0000000085a00000, 0x00000000d5d00000)
  object space 69632K, 19% used [0x0000000081600000,0x00000000823748e0,0x0000000085a00000)
 Metaspace       used 37649K, capacity 38966K, committed 39168K, reserved 1083392K
  class space    used 4985K, capacity 5359K, committed 5376K, reserved 1048576K
}
Event: 2897.680 GC heap before
{Heap before GC invocations=21 (full 2):
 PSYoungGen      total 79872K, used 79656K [0x00000000d5d00000, 0x00000000dc480000, 0x0000000100000000)
  eden space 75264K, 100% used [0x00000000d5d00000,0x00000000da680000,0x00000000da680000)
  from space 4608K, 95% used [0x00000000dc000000,0x00000000dc44a0f0,0x00000000dc480000)
  to   space 11776K, 0% used [0x00000000dad80000,0x00000000dad80000,0x00000000db900000)
 ParOldGen       total 69632K, used 13778K [0x0000000081600000, 0x0000000085a00000, 0x00000000d5d00000)
  object space 69632K, 19% used [0x0000000081600000,0x00000000823748e0,0x0000000085a00000)
 Metaspace       used 39676K, capacity 41126K, committed 41472K, reserved 1085440K
  class space    used 5320K, capacity 5761K, committed 5888K, reserved 1048576K
Event: 2897.691 GC heap after
Heap after GC invocations=21 (full 2):
 PSYoungGen      total 81408K, used 7766K [0x00000000d5d00000, 0x00000000dc080000, 0x0000000100000000)
  eden space 73216K, 0% used [0x00000000d5d00000,0x00000000d5d00000,0x00000000da480000)
  from space 8192K, 94% used [0x00000000dad80000,0x00000000db5159e0,0x00000000db580000)
  to   space 11264K, 0% used [0x00000000db580000,0x00000000db580000,0x00000000dc080000)
 ParOldGen       total 69632K, used 13778K [0x0000000081600000, 0x0000000085a00000, 0x00000000d5d00000)
  object space 69632K, 19% used [0x0000000081600000,0x00000000823748e0,0x0000000085a00000)
 Metaspace       used 39676K, capacity 41126K, committed 41472K, reserved 1085440K
  class space    used 5320K, capacity 5761K, committed 5888K, reserved 1048576K
}

