# JRE version: Java(TM) SE Runtime Environment (8.0_181-b13) (build 1.8.0_181-b13)
# Java VM: Java HotSpot(TM) 64-Bit Server VM (25.181-b13 mixed mode windows-amd64 compressed oops)
Heap:
 PSYoungGen      total 91648K, used 83716K [0x00000000d5d00000, 0x00000000dc580000, 0x0000000100000000)
  eden space 79360K, 100% used [0x00000000d5d00000,0x00000000daa80000,0x00000000daa80000)
  from space 12288K, 35% used [0x00000000db980000,0x00000000dbdc1028,0x00000000dc580000)
  to   space 13824K, 46% used [0x00000000daa80000,0x00000000db0c0040,0x00000000db800000)
 ParOldGen       total 103936K, used 15205K [0x0000000081600000, 0x0000000087b80000, 0x00000000d5d00000)
  object space 103936K, 14% used [0x0000000081600000,0x00000000824d9740,0x0000000087b80000)
 Metaspace       used 39777K, capacity 41222K, committed 41472K, reserved 1085440K
  class space    used 5339K, capacity 5793K, committed 5888K, reserved 1048576K
GC Heap History (10 events):
Event: 1676.855 GC heap after
Heap after GC invocations=16 (full 1):
 PSYoungGen      total 82432K, used 9204K [0x00000000d5d00000, 0x00000000dc980000, 0x0000000100000000)
  eden space 73216K, 0% used [0x00000000d5d00000,0x00000000d5d00000,0x00000000da480000)
  from space 9216K, 99% used [0x00000000db780000,0x00000000dc07d020,0x00000000dc080000)
  to   space 9216K, 0% used [0x00000000dc080000,0x00000000dc080000,0x00000000dc980000)
 ParOldGen       total 58880K, used 25786K [0x0000000081600000, 0x0000000084f80000, 0x00000000d5d00000)
  object space 58880K, 43% used [0x0000000081600000,0x0000000082f2eb38,0x0000000084f80000)
 Metaspace       used 32656K, capacity 33258K, committed 33408K, reserved 1079296K
  class space    used 4292K, capacity 4469K, committed 4480K, reserved 1048576K
}
Event: 1697.497 GC heap before
{Heap before GC invocations=17 (full 1):
 PSYoungGen      total 82432K, used 69086K [0x00000000d5d00000, 0x00000000dc980000, 0x0000000100000000)
  eden space 73216K, 81% used [0x00000000d5d00000,0x00000000d977a8a8,0x00000000da480000)
  from space 9216K, 99% used [0x00000000db780000,0x00000000dc07d020,0x00000000dc080000)
  to   space 9216K, 0% used [0x00000000dc080000,0x00000000dc080000,0x00000000dc980000)
 ParOldGen       total 58880K, used 25786K [0x0000000081600000, 0x0000000084f80000, 0x00000000d5d00000)
  object space 58880K, 43% used [0x0000000081600000,0x0000000082f2eb38,0x0000000084f80000)
 Metaspace       used 34779K, capacity 35358K, committed 35456K, reserved 1079296K
  class space    used 4503K, capacity 4681K, committed 4736K, reserved 1048576K
Event: 1697.504 GC heap after
Heap after GC invocations=17 (full 1):
 PSYoungGen      total 80384K, used 9207K [0x00000000d5d00000, 0x00000000dc980000, 0x0000000100000000)
  eden space 71168K, 0% used [0x00000000d5d00000,0x00000000d5d00000,0x00000000da280000)
  from space 9216K, 99% used [0x00000000dc080000,0x00000000dc97dd48,0x00000000dc980000)
  to   space 13824K, 0% used [0x00000000dae80000,0x00000000dae80000,0x00000000dbc00000)
 ParOldGen       total 58880K, used 27586K [0x0000000081600000, 0x0000000084f80000, 0x00000000d5d00000)
  object space 58880K, 46% used [0x0000000081600000,0x00000000830f0888,0x0000000084f80000)
 Metaspace       used 34779K, capacity 35358K, committed 35456K, reserved 1079296K
  class space    used 4503K, capacity 4681K, committed 4736K, reserved 1048576K
}
Event: 1697.504 GC heap before
{Heap before GC invocations=18 (full 2):
 PSYoungGen      total 80384K, used 9207K [0x00000000d5d00000, 0x00000000dc980000, 0x0000000100000000)
  eden space 71168K, 0% used [0x00000000d5d00000,0x00000000d5d00000,0x00000000da280000)
  from space 9216K, 99% used [0x00000000dc080000,0x00000000dc97dd48,0x00000000dc980000)
  to   space 13824K, 0% used [0x00000000dae80000,0x00000000dae80000,0x00000000dbc00000)
 ParOldGen       total 58880K, used 27586K [0x0000000081600000, 0x0000000084f80000, 0x00000000d5d00000)
  object space 58880K, 46% used [0x0000000081600000,0x00000000830f0888,0x0000000084f80000)
 Metaspace       used 34779K, capacity 35358K, committed 35456K, reserved 1079296K
  class space    used 4503K, capacity 4681K, committed 4736K, reserved 1048576K
Event: 1697.547 GC heap after
Heap after GC invocations=18 (full 2):
 PSYoungGen      total 80384K, used 0K [0x00000000d5d00000, 0x00000000dc980000, 0x0000000100000000)
  eden space 71168K, 0% used [0x00000000d5d00000,0x00000000d5d00000,0x00000000da280000)
  from space 9216K, 0% used [0x00000000dc080000,0x00000000dc080000,0x00000000dc980000)
  to   space 13824K, 0% used [0x00000000dae80000,0x00000000dae80000,0x00000000dbc00000)
 ParOldGen       total 103936K, used 15205K [0x0000000081600000, 0x0000000087b80000, 0x00000000d5d00000)
  object space 103936K, 14% used [0x0000000081600000,0x00000000824d9740,0x0000000087b80000)
 Metaspace       used 34779K, capacity 35358K, committed 35456K, reserved 1079296K
  class space    used 4503K, capacity 4681K, committed 4736K, reserved 1048576K
}
Event: 1723.524 GC heap before
{Heap before GC invocations=19 (full 2):
 PSYoungGen      total 80384K, used 71168K [0x00000000d5d00000, 0x00000000dc980000, 0x0000000100000000)
  eden space 71168K, 100% used [0x00000000d5d00000,0x00000000da280000,0x00000000da280000)
  from space 9216K, 0% used [0x00000000dc080000,0x00000000dc080000,0x00000000dc980000)
  to   space 13824K, 0% used [0x00000000dae80000,0x00000000dae80000,0x00000000dbc00000)
 ParOldGen       total 103936K, used 15205K [0x0000000081600000, 0x0000000087b80000, 0x00000000d5d00000)
  object space 103936K, 14% used [0x0000000081600000,0x00000000824d9740,0x0000000087b80000)
 Metaspace       used 36387K, capacity 37126K, committed 37376K, reserved 1081344K
  class space    used 4765K, capacity 5039K, committed 5120K, reserved 1048576K
Event: 1723.527 GC heap after
Heap after GC invocations=19 (full 2):
 PSYoungGen      total 84992K, used 3886K [0x00000000d5d00000, 0x00000000dc700000, 0x0000000100000000)
  eden space 80896K, 0% used [0x00000000d5d00000,0x00000000d5d00000,0x00000000dac00000)
  from space 4096K, 94% used [0x00000000dae80000,0x00000000db24b998,0x00000000db280000)
  to   space 13824K, 0% used [0x00000000db980000,0x00000000db980000,0x00000000dc700000)
 ParOldGen       total 103936K, used 15205K [0x0000000081600000, 0x0000000087b80000, 0x00000000d5d00000)
  object space 103936K, 14% used [0x0000000081600000,0x00000000824d9740,0x0000000087b80000)
 Metaspace       used 36387K, capacity 37126K, committed 37376K, reserved 1081344K
  class space    used 4765K, capacity 5039K, committed 5120K, reserved 1048576K
}
Event: 1756.687 GC heap before
{Heap before GC invocations=20 (full 2):
 PSYoungGen      total 84992K, used 84782K [0x00000000d5d00000, 0x00000000dc700000, 0x0000000100000000)
  eden space 80896K, 100% used [0x00000000d5d00000,0x00000000dac00000,0x00000000dac00000)
  from space 4096K, 94% used [0x00000000dae80000,0x00000000db24b998,0x00000000db280000)
  to   space 13824K, 0% used [0x00000000db980000,0x00000000db980000,0x00000000dc700000)
 ParOldGen       total 103936K, used 15205K [0x0000000081600000, 0x0000000087b80000, 0x00000000d5d00000)
  object space 103936K, 14% used [0x0000000081600000,0x00000000824d9740,0x0000000087b80000)
 Metaspace       used 37596K, capacity 38902K, committed 39168K, reserved 1083392K
  class space    used 4984K, capacity 5359K, committed 5376K, reserved 1048576K
Event: 1756.693 GC heap after
Heap after GC invocations=20 (full 2):
 PSYoungGen      total 91648K, used 4356K [0x00000000d5d00000, 0x00000000dc580000, 0x0000000100000000)
  eden space 79360K, 0% used [0x00000000d5d00000,0x00000000d5d00000,0x00000000daa80000)
  from space 12288K, 35% used [0x00000000db980000,0x00000000dbdc1028,0x00000000dc580000)
  to   space 13824K, 0% used [0x00000000daa80000,0x00000000daa80000,0x00000000db800000)
 ParOldGen       total 103936K, used 15205K [0x0000000081600000, 0x0000000087b80000, 0x00000000d5d00000)
  object space 103936K, 14% used [0x0000000081600000,0x00000000824d9740,0x0000000087b80000)
 Metaspace       used 37596K, capacity 38902K, committed 39168K, reserved 1083392K
  class space    used 4984K, capacity 5359K, committed 5376K, reserved 1048576K
}
Event: 13759.883 GC heap before
{Heap before GC invocations=21 (full 2):
 PSYoungGen      total 91648K, used 83716K [0x00000000d5d00000, 0x00000000dc580000, 0x0000000100000000)
  eden space 79360K, 100% used [0x00000000d5d00000,0x00000000daa80000,0x00000000daa80000)
  from space 12288K, 35% used [0x00000000db980000,0x00000000dbdc1028,0x00000000dc580000)
  to   space 13824K, 0% used [0x00000000daa80000,0x00000000daa80000,0x00000000db800000)
 ParOldGen       total 103936K, used 15205K [0x0000000081600000, 0x0000000087b80000, 0x00000000d5d00000)
  object space 103936K, 14% used [0x0000000081600000,0x00000000824d9740,0x0000000087b80000)
 Metaspace       used 39777K, capacity 41222K, committed 41472K, reserved 1085440K
  class space    used 5339K, capacity 5793K, committed 5888K, reserved 1048576K

